-- The C compiler identification is GNU 11.4.0
-- The CXX compiler identification is GNU 11.4.0
-- Detecting C compiler ABI info
-- Detecting C compiler ABI info - done
-- Check for working C compiler: /usr/lib/ccache/cc - skipped
-- Detecting C compile features
-- Detecting C compile features - done
-- Detecting CXX compiler ABI info
-- Detecting CXX compiler ABI info - done
-- Check for working CXX compiler: /usr/lib/ccache/c++ - skipped
-- Detecting CXX compile features
-- Detecting CXX compile features - done
-- Found ament_cmake: 1.3.10 (/opt/ros/humble/share/ament_cmake/cmake)
-- Found Python3: /usr/bin/python3 (found version "3.10.12") found components: Interpreter 
-- Found rclpy: 3.3.14 (/opt/ros/humble/share/rclpy/cmake)
-- Found rclcpp: 16.0.10 (/opt/ros/humble/share/rclcpp/cmake)
-- Found rosidl_generator_c: 3.1.5 (/opt/ros/humble/share/rosidl_generator_c/cmake)
-- Found rosidl_adapter: 3.1.5 (/opt/ros/humble/share/rosidl_adapter/cmake)
-- Found rosidl_generator_cpp: 3.1.5 (/opt/ros/humble/share/rosidl_generator_cpp/cmake)
-- Using all available rosidl_typesupport_c: rosidl_typesupport_fastrtps_c;rosidl_typesupport_introspection_c
-- Using all available rosidl_typesupport_cpp: rosidl_typesupport_fastrtps_cpp;rosidl_typesupport_introspection_cpp
-- Found rmw_implementation_cmake: 6.1.2 (/opt/ros/humble/share/rmw_implementation_cmake/cmake)
-- Found rmw_fastrtps_cpp: 6.2.7 (/opt/ros/humble/share/rmw_fastrtps_cpp/cmake)
-- Found OpenSSL: /usr/lib/x86_64-linux-gnu/libcrypto.so (found version "3.0.2")  
-- Found FastRTPS: /opt/ros/humble/include  
-- Using RMW implementation 'rmw_fastrtps_cpp' as default
-- Performing Test CMAKE_HAVE_LIBC_PTHREAD
-- Performing Test CMAKE_HAVE_LIBC_PTHREAD - Success
-- Found Threads: TRUE  
-- Found xacro: 2.0.8 (/opt/ros/humble/share/xacro/cmake)
-- Found sensor_msgs: 4.2.4 (/opt/ros/humble/share/sensor_msgs/cmake)
-- Found ros2_control: 2.43.1 (/opt/ros/humble/share/ros2_control/cmake)
-- Found gazebo_ros2_control: 0.4.10 (/opt/ros/humble/share/gazebo_ros2_control/cmake)
-- Found PkgConfig: /usr/bin/pkg-config (found version "0.29.2") 
-- Checking for module 'bullet>=2.82'
--   Found bullet, version 3.05
-- Found fcl: /usr/include (found suitable version "0.7.0", minimum required is "0.5.0") 
-- Found assimp: /usr/include (found version "5.2.0") 
-- Found DART: /usr/include (Required is at least version "6.6") found components: dart 
-- Found Boost: /usr/lib/x86_64-linux-gnu/cmake/Boost-1.74.0/BoostConfig.cmake (found suitable version "1.74.0", minimum required is "1.40.0") found components: thread system filesystem program_options regex iostreams date_time 
-- Found Protobuf: /usr/lib/x86_64-linux-gnu/libprotobuf.so (found version "3.12.4") 
-- Looking for ignition-math6 -- found version 6.15.1
-- Searching for dependencies of ignition-math6
-- Looking for OGRE...
-- OGRE_PREFIX_WATCH changed.
-- Checking for module 'OGRE'
--   Found OGRE, version 1.9.0
-- Found Ogre Ghadamon (1.9.0)
-- Found OGRE: optimized;/usr/lib/x86_64-linux-gnu/libOgreMain.so;debug;/usr/lib/x86_64-linux-gnu/libOgreMain.so
-- Looking for OGRE_Paging...
-- Found OGRE_Paging: optimized;/usr/lib/x86_64-linux-gnu/libOgrePaging.so;debug;/usr/lib/x86_64-linux-gnu/libOgrePaging.so
-- Looking for OGRE_Terrain...
-- Found OGRE_Terrain: optimized;/usr/lib/x86_64-linux-gnu/libOgreTerrain.so;debug;/usr/lib/x86_64-linux-gnu/libOgreTerrain.so
-- Looking for OGRE_Property...
-- Found OGRE_Property: optimized;/usr/lib/x86_64-linux-gnu/libOgreProperty.so;debug;/usr/lib/x86_64-linux-gnu/libOgreProperty.so
-- Looking for OGRE_RTShaderSystem...
-- Found OGRE_RTShaderSystem: optimized;/usr/lib/x86_64-linux-gnu/libOgreRTShaderSystem.so;debug;/usr/lib/x86_64-linux-gnu/libOgreRTShaderSystem.so
-- Looking for OGRE_Volume...
-- Found OGRE_Volume: optimized;/usr/lib/x86_64-linux-gnu/libOgreVolume.so;debug;/usr/lib/x86_64-linux-gnu/libOgreVolume.so
-- Looking for OGRE_Overlay...
-- Found OGRE_Overlay: optimized;/usr/lib/x86_64-linux-gnu/libOgreOverlay.so;debug;/usr/lib/x86_64-linux-gnu/libOgreOverlay.so
-- Looking for ignition-math6 -- found version 6.15.1
-- Looking for ignition-transport8 -- found version 8.2.1
-- Searching for dependencies of ignition-transport8
-- Found Protobuf: /usr/lib/x86_64-linux-gnu/libprotobuf.so (found suitable version "3.12.4", minimum required is "3") 
-- Config-file not installed for ZeroMQ -- checking for pkg-config
-- Checking for module 'libzmq >= 4'
--   Found libzmq , version 4.3.4
-- Found ZeroMQ: TRUE (Required is at least version "4") 
-- Checking for module 'uuid'
--   Found uuid, version 2.37.2
-- Found UUID: TRUE  
-- Looking for ignition-msgs5 -- found version 5.8.1
-- Searching for dependencies of ignition-msgs5
-- Looking for ignition-math6 -- found version 6.15.1
-- Checking for module 'tinyxml2'
--   Found tinyxml2, version 9.0.0
-- Looking for ignition-msgs5 -- found version 5.8.1
-- Looking for ignition-common3 -- found version 3.14.0
-- Searching for dependencies of ignition-common3
-- Looking for dlfcn.h - found
-- Looking for libdl - found
-- Found DL: TRUE  
-- Found tinyobjloader: /usr/lib/x86_64-linux-gnu/cmake/tinyobjloader/tinyobjloader-config.cmake (found version "2.0.0") 
-- Searching for <ignition-common3> component [graphics]
-- Looking for ignition-common3-graphics -- found version 3.14.0
-- Searching for dependencies of ignition-common3-graphics
-- Looking for ignition-math6 -- found version 6.15.1
-- Looking for ignition-fuel_tools4 -- found version 4.4.0
-- Searching for dependencies of ignition-fuel_tools4
-- Found CURL: /usr/lib/x86_64-linux-gnu/libcurl.so (found version "7.81.0")  
-- Checking for module 'jsoncpp'
--   Found jsoncpp, version 1.9.5
-- Found JSONCPP: TRUE  
-- Checking for module 'libzip'
--   Found libzip, version 1.7.3
-- Found ZIP: TRUE  
-- Looking for ignition-common3 -- found version 3.14.0
-- Looking for ignition-math6 -- found version 6.15.1
-- Looking for ignition-msgs5 -- found version 5.8.1
-- Gazebo version: 11.10
-- Checking for module 'tbb'
--   Found tbb, version 2021.5.0
-- Found joint_state_broadcaster: 2.37.3 (/opt/ros/humble/share/joint_state_broadcaster/cmake)
-- Found parameter_traits: 0.3.9 (/opt/ros/humble/share/parameter_traits/cmake)
-- Found joint_trajectory_controller: 2.37.3 (/opt/ros/humble/share/joint_trajectory_controller/cmake)
-- Found robot_state_publisher: 3.0.3 (/opt/ros/humble/share/robot_state_publisher/cmake)
-- Found eigen3_cmake_module: 0.1.1 (/opt/ros/humble/share/eigen3_cmake_module/cmake)
-- Found Eigen3: TRUE (found version "3.4.0") 
-- Ensuring Eigen3 include directory is part of orocos-kdl CMake target
-- Found ament_lint_auto: 0.12.11 (/opt/ros/humble/share/ament_lint_auto/cmake)
-- Configuring done
-- Generating done
-- Build files have been written to: /home/sarvesh/SLAM-based-Mobile-Robot/build/smr_mk1
-- Install configuration: ""
-- Installing: /home/sarvesh/SLAM-based-Mobile-Robot/install/smr_mk1/share/smr_mk1/config
-- Installing: /home/sarvesh/SLAM-based-Mobile-Robot/install/smr_mk1/share/smr_mk1/config/mapper.yaml
-- Installing: /home/sarvesh/SLAM-based-Mobile-Robot/install/smr_mk1/share/smr_mk1/launch
-- Installing: /home/sarvesh/SLAM-based-Mobile-Robot/install/smr_mk1/share/smr_mk1/launch/world.launch.py
-- Installing: /home/sarvesh/SLAM-based-Mobile-Robot/install/smr_mk1/share/smr_mk1/launch/Mapper_launch.py
-- Installing: /home/sarvesh/SLAM-based-Mobile-Robot/install/smr_mk1/share/smr_mk1/launch/gazebo.launch.py
-- Installing: /home/sarvesh/SLAM-based-Mobile-Robot/install/smr_mk1/share/smr_mk1/launch/mapper.launch.py
-- Installing: /home/sarvesh/SLAM-based-Mobile-Robot/install/smr_mk1/share/smr_mk1/meshes
-- Installing: /home/sarvesh/SLAM-based-Mobile-Robot/install/smr_mk1/share/smr_mk1/meshes/wheel.stl
-- Installing: /home/sarvesh/SLAM-based-Mobile-Robot/install/smr_mk1/share/smr_mk1/meshes/base.dae
-- Installing: /home/sarvesh/SLAM-based-Mobile-Robot/install/smr_mk1/share/smr_mk1/meshes/lidar.dae
-- Installing: /home/sarvesh/SLAM-based-Mobile-Robot/install/smr_mk1/share/smr_mk1/meshes/base.stl
-- Installing: /home/sarvesh/SLAM-based-Mobile-Robot/install/smr_mk1/share/smr_mk1/meshes/lidar.stl
-- Installing: /home/sarvesh/SLAM-based-Mobile-Robot/install/smr_mk1/share/smr_mk1/meshes/wheel.dae
-- Installing: /home/sarvesh/SLAM-based-Mobile-Robot/install/smr_mk1/share/smr_mk1/models
-- Installing: /home/sarvesh/SLAM-based-Mobile-Robot/install/smr_mk1/share/smr_mk1/models/maze
-- Installing: /home/sarvesh/SLAM-based-Mobile-Robot/install/smr_mk1/share/smr_mk1/models/maze/model.config
-- Installing: /home/sarvesh/SLAM-based-Mobile-Robot/install/smr_mk1/share/smr_mk1/models/maze/model.sdf
-- Installing: /home/sarvesh/SLAM-based-Mobile-Robot/install/smr_mk1/share/smr_mk1/urdf
-- Installing: /home/sarvesh/SLAM-based-Mobile-Robot/install/smr_mk1/share/smr_mk1/urdf/mapper.urdf
-- Installing: /home/sarvesh/SLAM-based-Mobile-Robot/install/smr_mk1/share/smr_mk1/urdf/Mapper.urdf
-- Installing: /home/sarvesh/SLAM-based-Mobile-Robot/install/smr_mk1/share/smr_mk1/worlds
-- Installing: /home/sarvesh/SLAM-based-Mobile-Robot/install/smr_mk1/share/smr_mk1/worlds/model.config
-- Installing: /home/sarvesh/SLAM-based-Mobile-Robot/install/smr_mk1/share/smr_mk1/worlds/maze.world
-- Installing: /home/sarvesh/SLAM-based-Mobile-Robot/install/smr_mk1/share/ament_index/resource_index/package_run_dependencies/smr_mk1
-- Installing: /home/sarvesh/SLAM-based-Mobile-Robot/install/smr_mk1/share/ament_index/resource_index/parent_prefix_path/smr_mk1
-- Installing: /home/sarvesh/SLAM-based-Mobile-Robot/install/smr_mk1/share/smr_mk1/environment/ament_prefix_path.sh
-- Installing: /home/sarvesh/SLAM-based-Mobile-Robot/install/smr_mk1/share/smr_mk1/environment/ament_prefix_path.dsv
-- Installing: /home/sarvesh/SLAM-based-Mobile-Robot/install/smr_mk1/share/smr_mk1/environment/path.sh
-- Installing: /home/sarvesh/SLAM-based-Mobile-Robot/install/smr_mk1/share/smr_mk1/environment/path.dsv
-- Installing: /home/sarvesh/SLAM-based-Mobile-Robot/install/smr_mk1/share/smr_mk1/local_setup.bash
-- Installing: /home/sarvesh/SLAM-based-Mobile-Robot/install/smr_mk1/share/smr_mk1/local_setup.sh
-- Installing: /home/sarvesh/SLAM-based-Mobile-Robot/install/smr_mk1/share/smr_mk1/local_setup.zsh
-- Installing: /home/sarvesh/SLAM-based-Mobile-Robot/install/smr_mk1/share/smr_mk1/local_setup.dsv
-- Installing: /home/sarvesh/SLAM-based-Mobile-Robot/install/smr_mk1/share/smr_mk1/package.dsv
-- Installing: /home/sarvesh/SLAM-based-Mobile-Robot/install/smr_mk1/share/ament_index/resource_index/packages/smr_mk1
-- Installing: /home/sarvesh/SLAM-based-Mobile-Robot/install/smr_mk1/share/smr_mk1/cmake/smr_mk1Config.cmake
-- Installing: /home/sarvesh/SLAM-based-Mobile-Robot/install/smr_mk1/share/smr_mk1/cmake/smr_mk1Config-version.cmake
-- Installing: /home/sarvesh/SLAM-based-Mobile-Robot/install/smr_mk1/share/smr_mk1/package.xml
